#
# There is insufficient memory for the Java Runtime Environment to continue.
# Native memory allocation (mmap) failed to map 127926272 bytes for G1 virtual space
# Possible reasons:
#   The system is out of physical RAM or swap space
#   The process is running with CompressedOops enabled, and the Java Heap may be blocking the growth of the native heap
# Possible solutions:
#   Reduce memory load on the system
#   Increase physical memory or swap space
#   Check if swap backing store is full
#   Decrease Java heap size (-Xmx/-Xms)
#   Decrease number of Java threads
#   Decrease Java thread stack sizes (-Xss)
#   Set larger code cache with -XX:ReservedCodeCacheSize=
#   JVM is running with Unscaled Compressed Oops mode in which the Java heap is
#     placed in the first 4GB address space. The Java Heap base address is the
#     maximum limit for the native heap growth. Please use -XX:HeapBaseMinAddress
#     to set the Java Heap base and to place the Java Heap above 4GB virtual address.
# This output file may be truncated or incomplete.
#
#  Out of Memory Error (os_windows.cpp:3829), pid=7440, tid=18308
#
# JRE version:  (17.0.8.1+7) (build )
# Java VM: OpenJDK 64-Bit Server VM (17.0.8.1+7-b1000.32, mixed mode, sharing, tiered, compressed oops, compressed class ptrs, g1 gc, windows-amd64)
# No core dump will be written. Minidumps are not enabled by default on client versions of Windows
#

---------------  S U M M A R Y ------------

Command Line: git4idea.http.GitAskPassApp Username for 'https://github.com': 

Host: Intel(R) Core(TM) i5-1035G1 CPU @ 1.00GHz, 8 cores, 7G,  Windows 11 , 64 bit Build 22621 (10.0.22621.3235)
Time: Tue Apr  2 17:40:12 2024 Eastern Daylight Time elapsed time: 0.051880 seconds (0d 0h 0m 0s)

---------------  T H R E A D  ---------------

Current thread (0x0000027b7880bf90):  JavaThread "Unknown thread" [_thread_in_vm, id=18308, stack(0x000000cf44400000,0x000000cf44500000)]

Stack: [0x000000cf44400000,0x000000cf44500000]
Native frames: (J=compiled Java code, j=interpreted, Vv=VM code, C=native code)
V  [jvm.dll+0x6852da]
V  [jvm.dll+0x844c84]
V  [jvm.dll+0x84659e]
V  [jvm.dll+0x846c03]
V  [jvm.dll+0x24b7cf]
V  [jvm.dll+0x682049]
V  [jvm.dll+0x67671a]
V  [jvm.dll+0x30be2b]
V  [jvm.dll+0x3132d6]
V  [jvm.dll+0x36302e]
V  [jvm.dll+0x36325f]
V  [jvm.dll+0x2e1f48]
V  [jvm.dll+0x2e2eb4]
V  [jvm.dll+0x815c11]
V  [jvm.dll+0x370df1]
V  [jvm.dll+0x7f4fdc]
V  [jvm.dll+0x3f3f1f]
V  [jvm.dll+0x3f5b31]
C  [jli.dll+0x528f]
C  [ucrtbase.dll+0x29363]
C  [KERNEL32.DLL+0x1257d]
C  [ntdll.dll+0x5aa58]


---------------  P R O C E S S  ---------------

Threads class SMR info:
_java_thread_list=0x00007ffde31200d8, length=0, elements={
}

Java Threads: ( => current thread )

Other Threads:
  0x0000027b78864980 GCTaskThread "GC Thread#0" [stack: 0x000000cf44500000,0x000000cf44600000] [id=5472]
  0x0000027b78874c10 ConcurrentGCThread "G1 Main Marker" [stack: 0x000000cf44600000,0x000000cf44700000] [id=4556]
  0x0000027b78875620 ConcurrentGCThread "G1 Conc#0" [stack: 0x000000cf44700000,0x000000cf44800000] [id=2548]

[error occurred during error reporting (printing all threads), id 0xc0000005, EXCEPTION_ACCESS_VIOLATION (0xc0000005) at pc=0x00007ffde28d2ab7]

VM state: not at safepoint (not fully initialized)

VM Mutex/Monitor currently owned by a thread:  ([mutex/lock_event])
[0x0000027b78808570] Heap_lock - owner thread: 0x0000027b7880bf90

Heap address: 0x0000000086600000, size: 1946 MB, Compressed Oops mode: 32-bit

CDS archive(s) mapped at: [0x0000000000000000-0x0000000000000000-0x0000000000000000), size 0, SharedBaseAddress: 0x0000000800000000, ArchiveRelocationMode: 1.
Narrow klass base: 0x0000000000000000, Narrow klass shift: 0, Narrow klass range: 0x0

GC Precious Log:
<Empty>

Heap:
 garbage-first heap   total 0K, used 0K [0x0000000086600000, 0x0000000100000000)
  region size 1024K, 0 young (0K), 0 survivors (0K)
 Metaspace       used 0K, committed 0K, reserved 0K
  class space    used 0K, committed 0K, reserved 0K

Heap Regions: E=young(eden), S=young(survivor), O=old, HS=humongous(starts), HC=humongous(continues), CS=collection set, F=free, OA=open archive, CA=closed archive, TAMS=top-at-mark-start (previous, next)

Card table byte_map: [0x0000027b7c670000,0x0000027b7ca40000] _byte_map_base: 0x0000027b7c23d000

Marking Bits (Prev, Next): (CMBitMap*) 0x0000027b78864fa0, (CMBitMap*) 0x0000027b78864fe0
 Prev Bits: [0x0000027b7ce10000, 0x0000027b7ec78000)
 Next Bits: [0x0000027b0f000000, 0x0000027b10e68000)

GC Heap History (0 events):
No events

Dll operation events (1 events):
Event: 0.029 Loaded shared library C:\Program Files\JetBrains\PyCharm 2023.2.3\jbr\bin\java.dll

Deoptimization events (0 events):
No events

Classes unloaded (0 events):
No events

Classes redefined (0 events):
No events

Internal exceptions (0 events):
No events

VM Operations (0 events):
No events

Events (0 events):
No events


Dynamic libraries:
0x00007ff7a2e80000 - 0x00007ff7a2e8a000 	C:\Program Files\JetBrains\PyCharm 2023.2.3\jbr\bin\java.exe
0x00007ffe833d0000 - 0x00007ffe835e6000 	C:\WINDOWS\SYSTEM32\ntdll.dll
0x00007ffe825e0000 - 0x00007ffe826a4000 	C:\WINDOWS\System32\KERNEL32.DLL
0x00007ffe808b0000 - 0x00007ffe80c56000 	C:\WINDOWS\System32\KERNELBASE.dll
0x00007ffe80710000 - 0x00007ffe80821000 	C:\WINDOWS\System32\ucrtbase.dll
0x00007ffe66550000 - 0x00007ffe66567000 	C:\Program Files\JetBrains\PyCharm 2023.2.3\jbr\bin\jli.dll
0x00007ffe64790000 - 0x00007ffe647ab000 	C:\Program Files\JetBrains\PyCharm 2023.2.3\jbr\bin\VCRUNTIME140.dll
0x00007ffe82fd0000 - 0x00007ffe8317d000 	C:\WINDOWS\System32\USER32.dll
0x00007ffe810f0000 - 0x00007ffe81116000 	C:\WINDOWS\System32\win32u.dll
0x00007ffe675b0000 - 0x00007ffe67843000 	C:\WINDOWS\WinSxS\amd64_microsoft.windows.common-controls_6595b64144ccf1df_6.0.22621.3235_none_270f74e173860f98\COMCTL32.dll
0x00007ffe82170000 - 0x00007ffe82199000 	C:\WINDOWS\System32\GDI32.dll
0x00007ffe82200000 - 0x00007ffe822a7000 	C:\WINDOWS\System32\msvcrt.dll
0x00007ffe80e00000 - 0x00007ffe80f18000 	C:\WINDOWS\System32\gdi32full.dll
0x00007ffe81050000 - 0x00007ffe810ea000 	C:\WINDOWS\System32\msvcp_win.dll
0x00007ffe82f90000 - 0x00007ffe82fc1000 	C:\WINDOWS\System32\IMM32.DLL
0x00007ffe679e0000 - 0x00007ffe679ec000 	C:\Program Files\JetBrains\PyCharm 2023.2.3\jbr\bin\vcruntime140_1.dll
0x00007ffe48120000 - 0x00007ffe481ad000 	C:\Program Files\JetBrains\PyCharm 2023.2.3\jbr\bin\msvcp140.dll
0x00007ffde25e0000 - 0x00007ffde3263000 	C:\Program Files\JetBrains\PyCharm 2023.2.3\jbr\bin\server\jvm.dll
0x00007ffe81a50000 - 0x00007ffe81b02000 	C:\WINDOWS\System32\ADVAPI32.dll
0x00007ffe81b10000 - 0x00007ffe81bb8000 	C:\WINDOWS\System32\sechost.dll
0x00007ffe80c60000 - 0x00007ffe80c88000 	C:\WINDOWS\System32\bcrypt.dll
0x00007ffe824a0000 - 0x00007ffe825b5000 	C:\WINDOWS\System32\RPCRT4.dll
0x00007ffe80530000 - 0x00007ffe8057d000 	C:\WINDOWS\SYSTEM32\POWRPROF.dll
0x00007ffe76f00000 - 0x00007ffe76f34000 	C:\WINDOWS\SYSTEM32\WINMM.dll
0x00007ffe72b50000 - 0x00007ffe72b5a000 	C:\WINDOWS\SYSTEM32\VERSION.dll
0x00007ffe7ca70000 - 0x00007ffe7ca79000 	C:\WINDOWS\SYSTEM32\WSOCK32.dll
0x00007ffe81c40000 - 0x00007ffe81cb1000 	C:\WINDOWS\System32\ws2_32.DLL
0x00007ffe80410000 - 0x00007ffe80423000 	C:\WINDOWS\SYSTEM32\UMPDC.dll
0x00007ffe7f720000 - 0x00007ffe7f738000 	C:\WINDOWS\SYSTEM32\kernel.appcore.dll
0x00007ffe69d50000 - 0x00007ffe69d5a000 	C:\Program Files\JetBrains\PyCharm 2023.2.3\jbr\bin\jimage.dll
0x00007ffe7df50000 - 0x00007ffe7e183000 	C:\WINDOWS\SYSTEM32\DBGHELP.DLL
0x00007ffe81de0000 - 0x00007ffe82168000 	C:\WINDOWS\System32\combase.dll
0x00007ffe826b0000 - 0x00007ffe82787000 	C:\WINDOWS\System32\OLEAUT32.dll
0x00007ffe5c360000 - 0x00007ffe5c392000 	C:\WINDOWS\SYSTEM32\dbgcore.DLL
0x00007ffe80830000 - 0x00007ffe808aa000 	C:\WINDOWS\System32\bcryptPrimitives.dll
0x00007ffe68c90000 - 0x00007ffe68cb5000 	C:\Program Files\JetBrains\PyCharm 2023.2.3\jbr\bin\java.dll

dbghelp: loaded successfully - version: 4.0.5 - missing functions: none
symbol engine: initialized successfully - sym options: 0x614 - pdb path: .;C:\Program Files\JetBrains\PyCharm 2023.2.3\jbr\bin;C:\WINDOWS\SYSTEM32;C:\WINDOWS\WinSxS\amd64_microsoft.windows.common-controls_6595b64144ccf1df_6.0.22621.3235_none_270f74e173860f98;C:\Program Files\JetBrains\PyCharm 2023.2.3\jbr\bin\server

VM Arguments:
java_command: git4idea.http.GitAskPassApp Username for 'https://github.com': 
java_class_path (initial): C:/Program Files/JetBrains/PyCharm 2023.2.3/plugins/vcs-git/lib/git4idea-rt.jar;C:/Program Files/JetBrains/PyCharm 2023.2.3/lib/externalProcess-rt.jar
Launcher Type: SUN_STANDARD

[Global flags]
     intx CICompilerCount                          = 4                                         {product} {ergonomic}
     uint ConcGCThreads                            = 2                                         {product} {ergonomic}
     uint G1ConcRefinementThreads                  = 8                                         {product} {ergonomic}
   size_t G1HeapRegionSize                         = 1048576                                   {product} {ergonomic}
    uintx GCDrainStackTargetSize                   = 64                                        {product} {ergonomic}
   size_t InitialHeapSize                          = 127926272                                 {product} {ergonomic}
   size_t MarkStackSize                            = 4194304                                   {product} {ergonomic}
   size_t MaxHeapSize                              = 2040528896                                {product} {ergonomic}
   size_t MinHeapDeltaBytes                        = 1048576                                   {product} {ergonomic}
   size_t MinHeapSize                              = 8388608                                   {product} {ergonomic}
    uintx NonNMethodCodeHeapSize                   = 5839372                                {pd product} {ergonomic}
    uintx NonProfiledCodeHeapSize                  = 122909434                              {pd product} {ergonomic}
    uintx ProfiledCodeHeapSize                     = 122909434                              {pd product} {ergonomic}
    uintx ReservedCodeCacheSize                    = 251658240                              {pd product} {ergonomic}
     bool SegmentedCodeCache                       = true                                      {product} {ergonomic}
   size_t SoftMaxHeapSize                          = 2040528896                             {manageable} {ergonomic}
     bool UseCompressedClassPointers               = true                           {product lp64_product} {ergonomic}
     bool UseCompressedOops                        = true                           {product lp64_product} {ergonomic}
     bool UseG1GC                                  = true                                      {product} {ergonomic}
     bool UseLargePagesIndividualAllocation        = false                                  {pd product} {ergonomic}

Logging:
Log output configuration:
 #0: stdout all=warning uptime,level,tags
 #1: stderr all=off uptime,level,tags

Environment Variables:
PATH=C:\Program Files\Git\mingw64\libexec\git-core;C:\Program Files\Git\mingw64\libexec\git-core;C:\Program Files\Git\mingw64\bin;C:\Program Files\Git\usr\bin;C:\Users\kmudr\bin;C:\Program Files\Haskell\bin;C:\Program Files\Haskell Platform\8.6.5\lib\extralibs\bin;C:\Program Files\Haskell Platform\8.6.5\bin;C:\WINDOWS\system32;C:\WINDOWS;C:\WINDOWS\System32\Wbem;C:\WINDOWS\System32\WindowsPowerShell\v1.0;C:\WINDOWS\System32\OpenSSH;C:\Program Files\Haskell Platform\8.6.5\mingw\bin;C:\Users\kmudr\AppData\Local\Programs\Python\Python311\Scripts;C:\Program Files\Git\cmd;C:\Program Files\Cloudflare\Cloudflare WARP;C:\Users\kmudr\AppData\Local\Programs\Python\Python310\Scripts;C:\Users\kmudr\AppData\Local\Programs\Python\Python310;C:\Program Files\Haskell\bin;C:\Program Files\Haskell Platform\8.6.5\lib\extralibs\bin;C:\Program Files\Haskell Platform\8.6.5\bin;C:\WINDOWS\system32;C:\WINDOWS;C:\WINDOWS\System32\Wbem;C:\WINDOWS\System32\WindowsPowerShell\v1.0;C:\WINDOWS\System32\OpenSSH;C:\Program Files\Git\cmd;C:\Program Files\Haskell Platform\8.6.5\mingw\bin;C:\Users\kmudr\AppData\Roaming\cabal\bin;C:\Users\kmudr\AppData\Roaming\local\bin;C:\Users\kmudr\AppData\Local\Microsoft\WindowsApps;C:\Users\kmudr\AppData\Local\Programs\Microsoft VS Code\bin;C:\Python34\Scripts;C:\Users\kmudr\AppData\Local\Microsoft\WindowsApps;C:\Program Files\JetBrains\PyCharm 2023.2.3\bin
USERNAME=kmudr
DISPLAY=:0.0
LC_ALL=en_US.UTF-8
TERM=xterm-256color
TMPDIR=C:\Users\kmudr\AppData\Local\Temp
OS=Windows_NT
PROCESSOR_IDENTIFIER=Intel64 Family 6 Model 126 Stepping 5, GenuineIntel
TMP=C:\Users\kmudr\AppData\Local\Temp
TEMP=C:\Users\kmudr\AppData\Local\Temp


JNI global refs:
JNI global refs: 0, weak refs: 0

JNI global refs memory usage: 0, weak refs: 0

OOME stack traces (most recent first):
Classloader memory used:


---------------  S Y S T E M  ---------------

OS:
 Windows 11 , 64 bit Build 22621 (10.0.22621.3235)
OS uptime: 4 days 7:55 hours
Hyper-V role detected

CPU: total 8 (initial active 8) (4 cores per cpu, 2 threads per core) family 6 model 126 stepping 5 microcode 0xbc, cx8, cmov, fxsr, ht, mmx, 3dnowpref, sse, sse2, sse3, ssse3, sse4.1, sse4.2, popcnt, lzcnt, tsc, tscinvbit, avx, avx2, aes, erms, clmul, bmi1, bmi2, adx, avx512f, avx512dq, avx512cd, avx512bw, avx512vl, sha, fma, vzeroupper, avx512_vpopcntdq, avx512_vpclmulqdq, avx512_vaes, avx512_vnni, clflush, clflushopt, avx512_vbmi2, avx512_vbmi, hv
Processor Information for all 8 processors :
  Max Mhz: 1190, Current Mhz: 991, Mhz Limit: 987

Memory: 4k page, system-wide physical 7778M (799M free)
TotalPageFile size 13707M (AvailPageFile size 83M)
current process WorkingSet (physical memory assigned to process): 11M, peak: 11M
current process commit charge ("private bytes"): 60M, peak: 182M

vm_info: OpenJDK 64-Bit Server VM (17.0.8.1+7-b1000.32) for windows-amd64 JRE (17.0.8.1+7-b1000.32), built on 2023-09-15 by "builduser" with MS VC++ 16.10 / 16.11 (VS2019)

END.
